{"/home/jordan/multiverse/bootcamp-projects/movie-api/app.js": {"path":"/home/jordan/multiverse/bootcamp-projects/movie-api/app.js","statementMap":{"0":{"start":{"line":1,"column":16},"end":{"line":1,"column":34}},"1":{"start":{"line":3,"column":12},"end":{"line":3,"column":21}},"2":{"start":{"line":5,"column":0},"end":{"line":5,"column":24}},"3":{"start":{"line":7,"column":0},"end":{"line":9,"column":3}},"4":{"start":{"line":8,"column":2},"end":{"line":8,"column":34}},"5":{"start":{"line":11,"column":0},"end":{"line":11,"column":48}},"6":{"start":{"line":12,"column":0},"end":{"line":12,"column":48}},"7":{"start":{"line":14,"column":0},"end":{"line":17,"column":3}},"8":{"start":{"line":15,"column":2},"end":{"line":15,"column":44}},"9":{"start":{"line":15,"column":28},"end":{"line":15,"column":44}},"10":{"start":{"line":16,"column":2},"end":{"line":16,"column":79}},"11":{"start":{"line":19,"column":0},"end":{"line":19,"column":21}}},"fnMap":{"0":{"name":"(anonymous_0)","decl":{"start":{"line":7,"column":13},"end":{"line":7,"column":14}},"loc":{"start":{"line":7,"column":33},"end":{"line":9,"column":1}},"line":7},"1":{"name":"(anonymous_1)","decl":{"start":{"line":14,"column":8},"end":{"line":14,"column":9}},"loc":{"start":{"line":14,"column":35},"end":{"line":17,"column":1}},"line":14}},"branchMap":{"0":{"loc":{"start":{"line":15,"column":2},"end":{"line":15,"column":44}},"type":"if","locations":[{"start":{"line":15,"column":2},"end":{"line":15,"column":44}},{"start":{},"end":{}}],"line":15}},"s":{"0":1,"1":1,"2":1,"3":1,"4":0,"5":1,"6":1,"7":1,"8":1,"9":0,"10":1,"11":1},"f":{"0":0,"1":1},"b":{"0":[0,1]},"_coverageSchema":"1a1c01bbd47fc00a2c39e90264f33305004495a9","hash":"39347fdefdaa4c44680a7dd921fd677ddb8bd423"}
,"/home/jordan/multiverse/bootcamp-projects/movie-api/seed.js": {"path":"/home/jordan/multiverse/bootcamp-projects/movie-api/seed.js","statementMap":{"0":{"start":{"line":2,"column":13},"end":{"line":2,"column":28}},"1":{"start":{"line":3,"column":11},"end":{"line":3,"column":33}},"2":{"start":{"line":7,"column":15},"end":{"line":7,"column":41}},"3":{"start":{"line":8,"column":23},"end":{"line":8,"column":48}},"4":{"start":{"line":11,"column":13},"end":{"line":31,"column":1}},"5":{"start":{"line":12,"column":2},"end":{"line":12,"column":33}},"6":{"start":{"line":14,"column":23},"end":{"line":14,"column":57}},"7":{"start":{"line":15,"column":23},"end":{"line":15,"column":57}},"8":{"start":{"line":17,"column":17},"end":{"line":17,"column":48}},"9":{"start":{"line":18,"column":21},"end":{"line":18,"column":52}},"10":{"start":{"line":20,"column":24},"end":{"line":20,"column":50}},"11":{"start":{"line":21,"column":24},"end":{"line":21,"column":54}},"12":{"start":{"line":23,"column":23},"end":{"line":23,"column":65}},"13":{"start":{"line":23,"column":47},"end":{"line":23,"column":64}},"14":{"start":{"line":24,"column":23},"end":{"line":24,"column":65}},"15":{"start":{"line":24,"column":47},"end":{"line":24,"column":64}},"16":{"start":{"line":27,"column":2},"end":{"line":27,"column":34}},"17":{"start":{"line":28,"column":2},"end":{"line":28,"column":34}},"18":{"start":{"line":30,"column":2},"end":{"line":30,"column":57}},"19":{"start":{"line":34,"column":0},"end":{"line":34,"column":22}}},"fnMap":{"0":{"name":"(anonymous_0)","decl":{"start":{"line":11,"column":13},"end":{"line":11,"column":14}},"loc":{"start":{"line":11,"column":25},"end":{"line":31,"column":1}},"line":11},"1":{"name":"(anonymous_1)","decl":{"start":{"line":23,"column":37},"end":{"line":23,"column":38}},"loc":{"start":{"line":23,"column":47},"end":{"line":23,"column":64}},"line":23},"2":{"name":"(anonymous_2)","decl":{"start":{"line":24,"column":37},"end":{"line":24,"column":38}},"loc":{"start":{"line":24,"column":47},"end":{"line":24,"column":64}},"line":24}},"branchMap":{},"s":{"0":1,"1":1,"2":1,"3":1,"4":1,"5":9,"6":9,"7":9,"8":9,"9":9,"10":9,"11":9,"12":9,"13":99,"14":9,"15":18,"16":9,"17":9,"18":9,"19":1},"f":{"0":9,"1":99,"2":18},"b":{},"_coverageSchema":"1a1c01bbd47fc00a2c39e90264f33305004495a9","hash":"74a38dceedd229d8bc1995eac5b8337418570ffe"}
,"/home/jordan/multiverse/bootcamp-projects/movie-api/db/connection.js": {"path":"/home/jordan/multiverse/bootcamp-projects/movie-api/db/connection.js","statementMap":{"0":{"start":{"line":2,"column":33},"end":{"line":2,"column":53}},"1":{"start":{"line":5,"column":11},"end":{"line":7,"column":2}},"2":{"start":{"line":10,"column":0},"end":{"line":10,"column":35}}},"fnMap":{},"branchMap":{},"s":{"0":1,"1":1,"2":1},"f":{},"b":{},"_coverageSchema":"1a1c01bbd47fc00a2c39e90264f33305004495a9","hash":"83754a03055c8dcc2dd61d54145ff44df53fdbc1"}
,"/home/jordan/multiverse/bootcamp-projects/movie-api/models/Show.js": {"path":"/home/jordan/multiverse/bootcamp-projects/movie-api/models/Show.js","statementMap":{"0":{"start":{"line":2,"column":26},"end":{"line":2,"column":53}},"1":{"start":{"line":5,"column":13},"end":{"line":10,"column":2}},"2":{"start":{"line":13,"column":0},"end":{"line":13,"column":22}}},"fnMap":{},"branchMap":{},"s":{"0":1,"1":1,"2":1},"f":{},"b":{},"_coverageSchema":"1a1c01bbd47fc00a2c39e90264f33305004495a9","hash":"b3666fc29c9b089ef5acfd9a3a624ff3c2016504"}
,"/home/jordan/multiverse/bootcamp-projects/movie-api/models/User.js": {"path":"/home/jordan/multiverse/bootcamp-projects/movie-api/models/User.js","statementMap":{"0":{"start":{"line":2,"column":26},"end":{"line":2,"column":53}},"1":{"start":{"line":5,"column":13},"end":{"line":8,"column":2}},"2":{"start":{"line":11,"column":0},"end":{"line":11,"column":22}}},"fnMap":{},"branchMap":{},"s":{"0":1,"1":1,"2":1},"f":{},"b":{},"_coverageSchema":"1a1c01bbd47fc00a2c39e90264f33305004495a9","hash":"d8b363e3c9694459b3a8a475667f604aac4e7d10"}
,"/home/jordan/multiverse/bootcamp-projects/movie-api/models/index.js": {"path":"/home/jordan/multiverse/bootcamp-projects/movie-api/models/index.js","statementMap":{"0":{"start":{"line":1,"column":13},"end":{"line":1,"column":30}},"1":{"start":{"line":2,"column":13},"end":{"line":2,"column":30}},"2":{"start":{"line":4,"column":0},"end":{"line":4,"column":20}},"3":{"start":{"line":5,"column":0},"end":{"line":5,"column":18}},"4":{"start":{"line":7,"column":0},"end":{"line":10,"column":1}}},"fnMap":{},"branchMap":{},"s":{"0":1,"1":1,"2":1,"3":1,"4":1},"f":{},"b":{},"_coverageSchema":"1a1c01bbd47fc00a2c39e90264f33305004495a9","hash":"db378ba93d3d5bc22ff6128a3c259ccc8b291a9f"}
,"/home/jordan/multiverse/bootcamp-projects/movie-api/routes/shows.js": {"path":"/home/jordan/multiverse/bootcamp-projects/movie-api/routes/shows.js","statementMap":{"0":{"start":{"line":1,"column":16},"end":{"line":1,"column":34}},"1":{"start":{"line":2,"column":17},"end":{"line":2,"column":37}},"2":{"start":{"line":3,"column":15},"end":{"line":3,"column":31}},"3":{"start":{"line":11,"column":0},"end":{"line":15,"column":3}},"4":{"start":{"line":12,"column":16},"end":{"line":12,"column":36}},"5":{"start":{"line":14,"column":2},"end":{"line":14,"column":18}},"6":{"start":{"line":17,"column":0},"end":{"line":19,"column":3}},"7":{"start":{"line":18,"column":2},"end":{"line":18,"column":23}},"8":{"start":{"line":21,"column":0},"end":{"line":21,"column":24}}},"fnMap":{"0":{"name":"(anonymous_0)","decl":{"start":{"line":11,"column":16},"end":{"line":11,"column":17}},"loc":{"start":{"line":11,"column":42},"end":{"line":15,"column":1}},"line":11},"1":{"name":"(anonymous_1)","decl":{"start":{"line":17,"column":21},"end":{"line":17,"column":22}},"loc":{"start":{"line":17,"column":41},"end":{"line":19,"column":1}},"line":17}},"branchMap":{},"s":{"0":1,"1":1,"2":1,"3":1,"4":1,"5":1,"6":1,"7":0,"8":1},"f":{"0":1,"1":0},"b":{},"_coverageSchema":"1a1c01bbd47fc00a2c39e90264f33305004495a9","hash":"88b7e621bc7ee827c432a3b5df0e9c5fa2db384e"}
,"/home/jordan/multiverse/bootcamp-projects/movie-api/routes/users.js": {"path":"/home/jordan/multiverse/bootcamp-projects/movie-api/routes/users.js","statementMap":{"0":{"start":{"line":1,"column":16},"end":{"line":1,"column":34}},"1":{"start":{"line":2,"column":23},"end":{"line":2,"column":43}},"2":{"start":{"line":3,"column":15},"end":{"line":3,"column":31}},"3":{"start":{"line":5,"column":0},"end":{"line":12,"column":3}},"4":{"start":{"line":6,"column":2},"end":{"line":11,"column":3}},"5":{"start":{"line":7,"column":18},"end":{"line":7,"column":66}},"6":{"start":{"line":8,"column":4},"end":{"line":8,"column":20}},"7":{"start":{"line":10,"column":4},"end":{"line":10,"column":16}},"8":{"start":{"line":14,"column":0},"end":{"line":17,"column":3}},"9":{"start":{"line":15,"column":23},"end":{"line":15,"column":31}},"10":{"start":{"line":16,"column":2},"end":{"line":16,"column":25}},"11":{"start":{"line":19,"column":0},"end":{"line":33,"column":3}},"12":{"start":{"line":20,"column":19},"end":{"line":20,"column":22}},"13":{"start":{"line":21,"column":21},"end":{"line":21,"column":29}},"14":{"start":{"line":23,"column":2},"end":{"line":32,"column":3}},"15":{"start":{"line":24,"column":17},"end":{"line":24,"column":44}},"16":{"start":{"line":25,"column":4},"end":{"line":25,"column":29}},"17":{"start":{"line":26,"column":4},"end":{"line":28,"column":73}},"18":{"start":{"line":30,"column":4},"end":{"line":30,"column":16}},"19":{"start":{"line":31,"column":4},"end":{"line":31,"column":11}},"20":{"start":{"line":35,"column":0},"end":{"line":38,"column":3}},"21":{"start":{"line":36,"column":20},"end":{"line":36,"column":28}},"22":{"start":{"line":37,"column":2},"end":{"line":37,"column":18}},"23":{"start":{"line":41,"column":17},"end":{"line":41,"column":27}},"24":{"start":{"line":42,"column":15},"end":{"line":42,"column":57}},"25":{"start":{"line":43,"column":2},"end":{"line":47,"column":3}},"26":{"start":{"line":44,"column":4},"end":{"line":44,"column":20}},"27":{"start":{"line":45,"column":4},"end":{"line":45,"column":11}},"28":{"start":{"line":46,"column":4},"end":{"line":46,"column":11}},"29":{"start":{"line":48,"column":2},"end":{"line":48,"column":18}},"30":{"start":{"line":49,"column":2},"end":{"line":49,"column":56}},"31":{"start":{"line":50,"column":2},"end":{"line":50,"column":9}},"32":{"start":{"line":53,"column":0},"end":{"line":53,"column":24}}},"fnMap":{"0":{"name":"(anonymous_0)","decl":{"start":{"line":5,"column":16},"end":{"line":5,"column":17}},"loc":{"start":{"line":5,"column":42},"end":{"line":12,"column":1}},"line":5},"1":{"name":"(anonymous_1)","decl":{"start":{"line":14,"column":37},"end":{"line":14,"column":38}},"loc":{"start":{"line":14,"column":63},"end":{"line":17,"column":1}},"line":14},"2":{"name":"(anonymous_2)","decl":{"start":{"line":19,"column":37},"end":{"line":19,"column":38}},"loc":{"start":{"line":19,"column":63},"end":{"line":33,"column":1}},"line":19},"3":{"name":"(anonymous_3)","decl":{"start":{"line":35,"column":43},"end":{"line":35,"column":44}},"loc":{"start":{"line":35,"column":69},"end":{"line":38,"column":1}},"line":35},"4":{"name":"checkValidUserId","decl":{"start":{"line":40,"column":15},"end":{"line":40,"column":31}},"loc":{"start":{"line":40,"column":48},"end":{"line":51,"column":1}},"line":40}},"branchMap":{"0":{"loc":{"start":{"line":43,"column":2},"end":{"line":47,"column":3}},"type":"if","locations":[{"start":{"line":43,"column":2},"end":{"line":47,"column":3}},{"start":{},"end":{}}],"line":43}},"s":{"0":1,"1":1,"2":1,"3":1,"4":1,"5":1,"6":1,"7":0,"8":1,"9":1,"10":1,"11":1,"12":1,"13":1,"14":1,"15":1,"16":1,"17":1,"18":0,"19":0,"20":1,"21":1,"22":1,"23":4,"24":4,"25":4,"26":3,"27":3,"28":3,"29":1,"30":1,"31":1,"32":1},"f":{"0":1,"1":1,"2":1,"3":1,"4":4},"b":{"0":[3,1]},"_coverageSchema":"1a1c01bbd47fc00a2c39e90264f33305004495a9","hash":"67df579fc56019e9d2c2a63bceeddc7b5fd55963"}
}
