TN:
SF:app.js
FN:7,(anonymous_0)
FN:14,(anonymous_1)
FNF:2
FNH:1
FNDA:0,(anonymous_0)
FNDA:1,(anonymous_1)
DA:1,1
DA:3,1
DA:5,1
DA:7,1
DA:8,0
DA:11,1
DA:12,1
DA:14,1
DA:15,1
DA:16,1
DA:19,1
LF:11
LH:10
BRDA:15,0,0,0
BRDA:15,0,1,1
BRF:2
BRH:1
end_of_record
TN:
SF:seed.js
FN:11,(anonymous_0)
FN:23,(anonymous_1)
FN:24,(anonymous_2)
FNF:3
FNH:3
FNDA:9,(anonymous_0)
FNDA:99,(anonymous_1)
FNDA:18,(anonymous_2)
DA:2,1
DA:3,1
DA:7,1
DA:8,1
DA:11,1
DA:12,9
DA:14,9
DA:15,9
DA:17,9
DA:18,9
DA:20,9
DA:21,9
DA:23,99
DA:24,18
DA:27,9
DA:28,9
DA:30,9
DA:34,1
LF:18
LH:18
BRF:0
BRH:0
end_of_record
TN:
SF:db/connection.js
FNF:0
FNH:0
DA:2,1
DA:5,1
DA:10,1
LF:3
LH:3
BRF:0
BRH:0
end_of_record
TN:
SF:models/Show.js
FNF:0
FNH:0
DA:2,1
DA:5,1
DA:13,1
LF:3
LH:3
BRF:0
BRH:0
end_of_record
TN:
SF:models/User.js
FNF:0
FNH:0
DA:2,1
DA:5,1
DA:11,1
LF:3
LH:3
BRF:0
BRH:0
end_of_record
TN:
SF:models/index.js
FNF:0
FNH:0
DA:1,1
DA:2,1
DA:4,1
DA:5,1
DA:7,1
LF:5
LH:5
BRF:0
BRH:0
end_of_record
TN:
SF:routes/shows.js
FN:11,(anonymous_0)
FN:17,(anonymous_1)
FNF:2
FNH:1
FNDA:1,(anonymous_0)
FNDA:0,(anonymous_1)
DA:1,1
DA:2,1
DA:3,1
DA:11,1
DA:12,1
DA:14,1
DA:17,1
DA:18,0
DA:21,1
LF:9
LH:8
BRF:0
BRH:0
end_of_record
TN:
SF:routes/users.js
FN:5,(anonymous_0)
FN:14,(anonymous_1)
FN:19,(anonymous_2)
FN:35,(anonymous_3)
FN:40,checkValidUserId
FNF:5
FNH:5
FNDA:1,(anonymous_0)
FNDA:1,(anonymous_1)
FNDA:1,(anonymous_2)
FNDA:1,(anonymous_3)
FNDA:4,checkValidUserId
DA:1,1
DA:2,1
DA:3,1
DA:5,1
DA:6,1
DA:7,1
DA:8,1
DA:10,0
DA:14,1
DA:15,1
DA:16,1
DA:19,1
DA:20,1
DA:21,1
DA:23,1
DA:24,1
DA:25,1
DA:26,1
DA:30,0
DA:31,0
DA:35,1
DA:36,1
DA:37,1
DA:41,4
DA:42,4
DA:43,4
DA:44,3
DA:45,3
DA:46,3
DA:48,1
DA:49,1
DA:50,1
DA:53,1
LF:33
LH:30
BRDA:43,0,0,3
BRDA:43,0,1,1
BRF:2
BRH:2
end_of_record
